proguard/seeds.txt
com.bertron.hypnocat.BirdFlightView
com.bertron.hypnocat.BirdFlightView: BirdFlightView(android.content.Context,android.util.AttributeSet)
com.bertron.hypnocat.HypnoCat
com.bertron.hypnocat.HypnoCat: HypnoCat()